[INFO]: sccpp starting... (args count : 1)
[INFO]: discovering ADB devices...
[INFO]: found device; 39090DLJH002RY (device)
[INFO]: device discovery complete; found 1 devices
[INFO]: selected device: 39090DLJH002RY (device)
[INFO]: forwarding; adb -s "39090DLJH002RY" forward tcp:27183 localabstract:sccpp
[INFO]: successfully forwarded tcp:27183 -> localabstract:sccpp
[INFO]: ready for socket connection on localhost:27183, connecting...
[INFO]: connected to sccpp server
[INFO]: sent 5 number of bytes
[INFO]: sent handshake: "sccpp"
[INFO]: device name: "Pixel 8"
[INFO]: initialized ffmpeg decoder
[INFO]: waiting for video stream
[INFO]: received NAL; 29 bytes
[INFO]: first frame decoded
[INFO]: received NAL; 75259 bytes
[INFO]: DECODED FRAME: 1088x2208, format=0
[INFO]: received NAL; 2424 bytes
[INFO]: DECODED FRAME: 1088x2208, format=0
[INFO]: received NAL; 13125 bytes
[INFO]: DECODED FRAME: 1088x2208, format=0
[INFO]: received NAL; 13125 bytes
[INFO]: DECODED FRAME: 1088x2208, format=0
[INFO]: received NAL; 13125 bytes
[INFO]: DECODED FRAME: 1088x2208, format=0
[INFO]: received NAL; 13125 bytes
[INFO]: DECODED FRAME: 1088x2208, format=0
[INFO]: received NAL; 13226 bytes
[INFO]: DECODED FRAME: 1088x2208, format=0
[INFO]: received NAL; 13125 bytes
[INFO]: DECODED FRAME: 1088x2208, format=0
[INFO]: received NAL; 13125 bytes
[INFO]: DECODED FRAME: 1088x2208, format=0
[INFO]: received NAL; 15197 bytes
[INFO]: DECODED FRAME: 1088x2208, format=0
[INFO]: received NAL; 13125 bytes
[INFO]: DECODED FRAME: 1088x2208, format=0
[INFO]: received NAL; 14677 bytes
[INFO]: DECODED FRAME: 1088x2208, format=0
[INFO]: received NAL; 13125 bytes
[INFO]: DECODED FRAME: 1088x2208, format=0
[INFO]: received NAL; 15198 bytes
[INFO]: DECODED FRAME: 1088x2208, format=0
[INFO]: received NAL; 13125 bytes
[INFO]: DECODED FRAME: 1088x2208, format=0
[INFO]: received NAL; 14077 bytes
[INFO]: DECODED FRAME: 1088x2208, format=0
[INFO]: received NAL; 13125 bytes
[INFO]: DECODED FRAME: 1088x2208, format=0
[INFO]: received NAL; 13125 bytes
[INFO]: DECODED FRAME: 1088x2208, format=0
[INFO]: received NAL; 13957 bytes
[INFO]: DECODED FRAME: 1088x2208, format=0
[INFO]: received NAL; 13733 bytes
[INFO]: DECODED FRAME: 1088x2208, format=0
[INFO]: received NAL; 13877 bytes
[INFO]: DECODED FRAME: 1088x2208, format=0
[INFO]: received NAL; 13125 bytes
[INFO]: DECODED FRAME: 1088x2208, format=0
[INFO]: received NAL; 13125 bytes
[INFO]: DECODED FRAME: 1088x2208, format=0
[INFO]: received NAL; 15540 bytes
[INFO]: DECODED FRAME: 1088x2208, format=0
